\BOOKMARK [1][-]{section.1}{Introduction}{}% 1
\BOOKMARK [1][-]{section.2}{Data Description}{}% 2
\BOOKMARK [1][-]{section.3}{Methodologies}{}% 3
\BOOKMARK [2][-]{subsection.3.1}{Preliminary Analysis}{section.3}% 4
\BOOKMARK [2][-]{subsection.3.2}{Model Fitting}{section.3}% 5
\BOOKMARK [2][-]{subsection.3.3}{Prediction}{section.3}% 6
\BOOKMARK [1][-]{section.4}{Results}{}% 7
\BOOKMARK [2][-]{subsection.4.1}{Exploratory Data Analysis}{section.4}% 8
\BOOKMARK [2][-]{subsection.4.2}{Spatial Trend}{section.4}% 9
\BOOKMARK [2][-]{subsection.4.3}{Isotropy}{section.4}% 10
\BOOKMARK [2][-]{subsection.4.4}{Model Fitting}{section.4}% 11
\BOOKMARK [3][-]{subsubsection.4.4.1}{Semivario Fitting}{subsection.4.4}% 12
\BOOKMARK [3][-]{subsubsection.4.4.2}{Likelihood Fitting}{subsection.4.4}% 13
\BOOKMARK [3][-]{subsubsection.4.4.3}{Effects of Covariates}{subsection.4.4}% 14
\BOOKMARK [2][-]{subsection.4.5}{Prediction}{section.4}% 15
\BOOKMARK [1][-]{section.5}{Conclusion}{}% 16
\BOOKMARK [1][-]{section.6}{Reference}{}% 17
\BOOKMARK [1][-]{appendix.A}{Appendices \205 Plots}{}% 18
\BOOKMARK [1][-]{appendix.B}{Appendices \205 Tables}{}% 19
\BOOKMARK [1][-]{appendix.C}{Appendices \205 R codes}{}% 20
