This is pdfTeX, Version 3.1415926-2.5-1.40.14 (MiKTeX 2.9 64-bit) (preloaded format=pdftex 2016.12.6)  6 DEC 2016 11:43
entering extended mode
**C:/Users/gaocy/Documents/useful/study/VT/courses/taking/STAT5544SpatialStatis
tics/spatial/Spatial_Project/intermediate/ref.bib

(C:/Users/gaocy/Documents/useful/study/VT/courses/taking/STAT5544SpatialStatist
ics/spatial/Spatial_Project/intermediate/ref.bib
Overfull \hbox (6.82913pt too wide) in paragraph at lines 52--60
[]\tenrm @inproceedingskawajiri2014steered, ti-tle=Steered crowd-sens-ing: in-c
en-tive de-sign to-wards quality-oriented|

\hbox(6.94444+1.94444)x469.75499, glue set - 1.0
.\hbox(0.0+0.0)x20.0
.\tenrm @
.\tenrm i
.\tenrm n
.\tenrm p
.etc.

! Undefined control sequence.
l.90   howpublished = {\url
                           {http://about-threats.trendmicro.com/us/library/i...

? 
! Emergency stop.
l.90   howpublished = {\url
                           {http://about-threats.trendmicro.com/us/library/i...
End of file on the terminal!

!  ==> Fatal error occurred, no output PDF file produced!
